2018-11-24 15:04:24,088 [INFO] from play.api.http.EnabledFilters in play-dev-mode-akka.actor.default-dispatcher-4 - Enabled Filters (see <https://www.playframework.com/documentation/latest/Filters>):

    play.filters.csrf.CSRFFilter
    play.filters.headers.SecurityHeadersFilter
    play.filters.hosts.AllowedHostsFilter

2018-11-24 15:04:24,270 [INFO] from play.api.Play in play-dev-mode-akka.actor.default-dispatcher-4 - Application started (Dev)
2018-11-24 15:04:55,542 [INFO] from play.api.http.EnabledFilters in play-dev-mode-akka.actor.default-dispatcher-2 - Enabled Filters (see <https://www.playframework.com/documentation/latest/Filters>):

    play.filters.csrf.CSRFFilter
    play.filters.headers.SecurityHeadersFilter
    play.filters.hosts.AllowedHostsFilter

2018-11-24 15:04:55,561 [INFO] from play.api.Play in play-dev-mode-akka.actor.default-dispatcher-2 - Application started (Dev)
2018-11-24 15:08:13,729 [INFO] from play.api.http.EnabledFilters in play-dev-mode-akka.actor.default-dispatcher-8 - Enabled Filters (see <https://www.playframework.com/documentation/latest/Filters>):

    play.filters.csrf.CSRFFilter
    play.filters.headers.SecurityHeadersFilter
    play.filters.hosts.AllowedHostsFilter

2018-11-24 15:08:13,742 [INFO] from play.api.Play in play-dev-mode-akka.actor.default-dispatcher-8 - Application started (Dev)
2018-11-24 18:57:50,246 [INFO] from play.api.http.EnabledFilters in play-dev-mode-akka.actor.default-dispatcher-8 - Enabled Filters (see <https://www.playframework.com/documentation/latest/Filters>):

    play.filters.csrf.CSRFFilter
    play.filters.headers.SecurityHeadersFilter
    play.filters.hosts.AllowedHostsFilter

2018-11-24 18:57:50,260 [INFO] from play.api.Play in play-dev-mode-akka.actor.default-dispatcher-8 - Application started (Dev)
2018-11-24 19:01:59,616 [INFO] from play.api.http.EnabledFilters in play-dev-mode-akka.actor.default-dispatcher-55 - Enabled Filters (see <https://www.playframework.com/documentation/latest/Filters>):

    play.filters.csrf.CSRFFilter
    play.filters.headers.SecurityHeadersFilter
    play.filters.hosts.AllowedHostsFilter

2018-11-24 19:01:59,629 [INFO] from play.api.Play in play-dev-mode-akka.actor.default-dispatcher-55 - Application started (Dev)
2018-11-24 19:06:47,146 [INFO] from play.api.http.EnabledFilters in play-dev-mode-akka.actor.default-dispatcher-64 - Enabled Filters (see <https://www.playframework.com/documentation/latest/Filters>):

    play.filters.csrf.CSRFFilter
    play.filters.headers.SecurityHeadersFilter
    play.filters.hosts.AllowedHostsFilter

2018-11-24 19:06:47,156 [INFO] from play.api.Play in play-dev-mode-akka.actor.default-dispatcher-64 - Application started (Dev)
2018-11-24 19:07:17,141 [INFO] from play.api.http.EnabledFilters in play-dev-mode-akka.actor.default-dispatcher-71 - Enabled Filters (see <https://www.playframework.com/documentation/latest/Filters>):

    play.filters.csrf.CSRFFilter
    play.filters.headers.SecurityHeadersFilter
    play.filters.hosts.AllowedHostsFilter

2018-11-24 19:07:17,165 [INFO] from play.api.Play in play-dev-mode-akka.actor.default-dispatcher-71 - Application started (Dev)
2018-11-24 19:11:32,231 [INFO] from play.api.http.EnabledFilters in play-dev-mode-akka.actor.default-dispatcher-73 - Enabled Filters (see <https://www.playframework.com/documentation/latest/Filters>):

    play.filters.csrf.CSRFFilter
    play.filters.headers.SecurityHeadersFilter
    play.filters.hosts.AllowedHostsFilter

2018-11-24 19:11:32,237 [INFO] from play.api.Play in play-dev-mode-akka.actor.default-dispatcher-73 - Application started (Dev)
2018-11-24 19:23:08,084 [INFO] from play.api.http.EnabledFilters in play-dev-mode-akka.actor.default-dispatcher-87 - Enabled Filters (see <https://www.playframework.com/documentation/latest/Filters>):

    play.filters.csrf.CSRFFilter
    play.filters.headers.SecurityHeadersFilter
    play.filters.hosts.AllowedHostsFilter

2018-11-24 19:23:08,091 [INFO] from play.api.Play in play-dev-mode-akka.actor.default-dispatcher-87 - Application started (Dev)
2018-11-24 19:26:32,139 [INFO] from play.api.http.EnabledFilters in play-dev-mode-akka.actor.default-dispatcher-87 - Enabled Filters (see <https://www.playframework.com/documentation/latest/Filters>):

    play.filters.csrf.CSRFFilter
    play.filters.headers.SecurityHeadersFilter
    play.filters.hosts.AllowedHostsFilter

2018-11-24 19:26:32,145 [INFO] from play.api.Play in play-dev-mode-akka.actor.default-dispatcher-87 - Application started (Dev)
2018-11-24 19:34:17,835 [INFO] from play.api.http.EnabledFilters in play-dev-mode-akka.actor.default-dispatcher-142 - Enabled Filters (see <https://www.playframework.com/documentation/latest/Filters>):

    play.filters.csrf.CSRFFilter
    play.filters.headers.SecurityHeadersFilter
    play.filters.hosts.AllowedHostsFilter

2018-11-24 19:34:17,842 [INFO] from play.api.Play in play-dev-mode-akka.actor.default-dispatcher-142 - Application started (Dev)
2018-11-24 19:39:27,373 [INFO] from play.api.http.EnabledFilters in play-dev-mode-akka.actor.default-dispatcher-166 - Enabled Filters (see <https://www.playframework.com/documentation/latest/Filters>):

    play.filters.csrf.CSRFFilter
    play.filters.headers.SecurityHeadersFilter
    play.filters.hosts.AllowedHostsFilter

2018-11-24 19:39:27,384 [INFO] from play.api.Play in play-dev-mode-akka.actor.default-dispatcher-166 - Application started (Dev)
2018-11-24 19:40:24,097 [INFO] from play.api.http.EnabledFilters in play-dev-mode-akka.actor.default-dispatcher-166 - Enabled Filters (see <https://www.playframework.com/documentation/latest/Filters>):

    play.filters.csrf.CSRFFilter
    play.filters.headers.SecurityHeadersFilter
    play.filters.hosts.AllowedHostsFilter

2018-11-24 19:40:24,103 [INFO] from play.api.Play in play-dev-mode-akka.actor.default-dispatcher-166 - Application started (Dev)
2018-11-24 19:41:25,572 [INFO] from play.api.http.EnabledFilters in play-dev-mode-akka.actor.default-dispatcher-191 - Enabled Filters (see <https://www.playframework.com/documentation/latest/Filters>):

    play.filters.csrf.CSRFFilter
    play.filters.headers.SecurityHeadersFilter
    play.filters.hosts.AllowedHostsFilter

2018-11-24 19:41:25,576 [INFO] from play.api.Play in play-dev-mode-akka.actor.default-dispatcher-191 - Application started (Dev)
2018-11-24 19:44:46,950 [INFO] from play.api.http.EnabledFilters in play-dev-mode-akka.actor.default-dispatcher-165 - Enabled Filters (see <https://www.playframework.com/documentation/latest/Filters>):

    play.filters.csrf.CSRFFilter
    play.filters.headers.SecurityHeadersFilter
    play.filters.hosts.AllowedHostsFilter

2018-11-24 19:44:46,954 [INFO] from play.api.Play in play-dev-mode-akka.actor.default-dispatcher-165 - Application started (Dev)
2018-11-24 19:55:12,616 [INFO] from play.api.http.EnabledFilters in play-dev-mode-akka.actor.default-dispatcher-215 - Enabled Filters (see <https://www.playframework.com/documentation/latest/Filters>):

    play.filters.csrf.CSRFFilter
    play.filters.headers.SecurityHeadersFilter
    play.filters.hosts.AllowedHostsFilter

2018-11-24 19:55:12,621 [INFO] from play.api.Play in play-dev-mode-akka.actor.default-dispatcher-215 - Application started (Dev)
2018-11-24 19:58:46,279 [INFO] from play.api.http.EnabledFilters in play-dev-mode-akka.actor.default-dispatcher-223 - Enabled Filters (see <https://www.playframework.com/documentation/latest/Filters>):

    play.filters.csrf.CSRFFilter
    play.filters.headers.SecurityHeadersFilter
    play.filters.hosts.AllowedHostsFilter

2018-11-24 19:58:46,284 [INFO] from play.api.Play in play-dev-mode-akka.actor.default-dispatcher-223 - Application started (Dev)
2018-11-24 20:00:26,834 [INFO] from play.api.http.EnabledFilters in play-dev-mode-akka.actor.default-dispatcher-248 - Enabled Filters (see <https://www.playframework.com/documentation/latest/Filters>):

    play.filters.csrf.CSRFFilter
    play.filters.headers.SecurityHeadersFilter
    play.filters.hosts.AllowedHostsFilter

2018-11-24 20:00:26,839 [INFO] from play.api.Play in play-dev-mode-akka.actor.default-dispatcher-248 - Application started (Dev)
2018-11-24 20:00:45,616 [INFO] from play.api.http.EnabledFilters in play-dev-mode-akka.actor.default-dispatcher-244 - Enabled Filters (see <https://www.playframework.com/documentation/latest/Filters>):

    play.filters.csrf.CSRFFilter
    play.filters.headers.SecurityHeadersFilter
    play.filters.hosts.AllowedHostsFilter

2018-11-24 20:00:45,622 [INFO] from play.api.Play in play-dev-mode-akka.actor.default-dispatcher-244 - Application started (Dev)
2018-11-24 20:08:20,859 [INFO] from play.api.http.EnabledFilters in play-dev-mode-akka.actor.default-dispatcher-411 - Enabled Filters (see <https://www.playframework.com/documentation/latest/Filters>):

    play.filters.csrf.CSRFFilter
    play.filters.headers.SecurityHeadersFilter
    play.filters.hosts.AllowedHostsFilter

2018-11-24 20:08:20,863 [INFO] from play.api.Play in play-dev-mode-akka.actor.default-dispatcher-411 - Application started (Dev)
2018-11-24 20:09:06,097 [INFO] from play.api.http.EnabledFilters in play-dev-mode-akka.actor.default-dispatcher-444 - Enabled Filters (see <https://www.playframework.com/documentation/latest/Filters>):

    play.filters.csrf.CSRFFilter
    play.filters.headers.SecurityHeadersFilter
    play.filters.hosts.AllowedHostsFilter

2018-11-24 20:09:06,101 [INFO] from play.api.Play in play-dev-mode-akka.actor.default-dispatcher-444 - Application started (Dev)
2018-11-24 20:09:24,254 [INFO] from play.api.http.EnabledFilters in play-dev-mode-akka.actor.default-dispatcher-443 - Enabled Filters (see <https://www.playframework.com/documentation/latest/Filters>):

    play.filters.csrf.CSRFFilter
    play.filters.headers.SecurityHeadersFilter
    play.filters.hosts.AllowedHostsFilter

2018-11-24 20:09:24,259 [INFO] from play.api.Play in play-dev-mode-akka.actor.default-dispatcher-443 - Application started (Dev)
2018-11-24 20:10:37,113 [INFO] from play.api.http.EnabledFilters in play-dev-mode-akka.actor.default-dispatcher-248 - Enabled Filters (see <https://www.playframework.com/documentation/latest/Filters>):

    play.filters.csrf.CSRFFilter
    play.filters.headers.SecurityHeadersFilter
    play.filters.hosts.AllowedHostsFilter

2018-11-24 20:10:37,118 [INFO] from play.api.Play in play-dev-mode-akka.actor.default-dispatcher-248 - Application started (Dev)
2018-11-24 20:12:14,742 [INFO] from play.api.http.EnabledFilters in play-dev-mode-akka.actor.default-dispatcher-446 - Enabled Filters (see <https://www.playframework.com/documentation/latest/Filters>):

    play.filters.csrf.CSRFFilter
    play.filters.headers.SecurityHeadersFilter
    play.filters.hosts.AllowedHostsFilter

2018-11-24 20:12:14,746 [INFO] from play.api.Play in play-dev-mode-akka.actor.default-dispatcher-446 - Application started (Dev)
2018-11-24 20:12:38,081 [INFO] from play.api.http.EnabledFilters in play-dev-mode-akka.actor.default-dispatcher-411 - Enabled Filters (see <https://www.playframework.com/documentation/latest/Filters>):

    play.filters.csrf.CSRFFilter
    play.filters.headers.SecurityHeadersFilter
    play.filters.hosts.AllowedHostsFilter

2018-11-24 20:12:38,085 [INFO] from play.api.Play in play-dev-mode-akka.actor.default-dispatcher-411 - Application started (Dev)
2018-11-24 20:16:32,183 [INFO] from play.api.http.EnabledFilters in play-dev-mode-akka.actor.default-dispatcher-454 - Enabled Filters (see <https://www.playframework.com/documentation/latest/Filters>):

    play.filters.csrf.CSRFFilter
    play.filters.headers.SecurityHeadersFilter
    play.filters.hosts.AllowedHostsFilter

2018-11-24 20:16:32,189 [INFO] from play.api.Play in play-dev-mode-akka.actor.default-dispatcher-454 - Application started (Dev)
